<?xml version="1.0" encoding="UTF-8"?>
<testsuite name="InputAmountFieldsTest" tests="1" skipped="0" failures="0" errors="0" timestamp="2021-01-25T12:52:54" hostname="DESKTOP-PI7U7J0" time="0.05">
  <properties/>
  <testcase name="should_file_with_input_three_digits_number" classname="InputAmountFieldsTest" time="0.05"/>
  <system-out><![CDATA[]]></system-out>
  <system-err><![CDATA[]]></system-err>
</testsuite>
